<!DOCTYPE html PUBLIC "-//W3C//DTD XHTML 1.1//EN" "http://www.w3.org/TR/xhtml11/DTD/xhtml11.dtd">
<html xmlns="http://www.w3.org/1999/xhtml"><head><title>TestNG Report</title><style type="text/css">table {margin-bottom:10px;border-collapse:collapse;empty-cells:show}th,td {border:1px solid #009;padding:.25em .5em}th {vertical-align:bottom}td {vertical-align:top}table a {font-weight:bold}.stripe td {background-color: #E6EBF9}.num {text-align:right}.passedodd td {background-color: #3F3}.passedeven td {background-color: #0A0}.skippedodd td {background-color: #DDD}.skippedeven td {background-color: #CCC}.failedodd td,.attn {background-color: #F33}.failedeven td,.stripe .attn {background-color: #D00}.stacktrace {white-space:pre;font-family:monospace}.totop {font-size:85%;text-align:center;border-bottom:2px solid #000}</style></head><body><table><tr><th>Test</th><th># Passed</th><th># Skipped</th><th># Failed</th><th>Time (ms)</th><th>Included Groups</th><th>Excluded Groups</th></tr><tr><th colspan="7">Suite</th></tr><tr><td><a href="#t0">Download reports</a></td><td class="num">1</td><td class="num">0</td><td class="num">0</td><td class="num">35,147</td><td></td><td></td></tr><tr class="stripe"><td><a href="#t1">Student login</a></td><td class="num">1</td><td class="num">0</td><td class="num attn">1</td><td class="num">64,343</td><td></td><td></td></tr><tr><td><a href="#t2">Enrol into course</a></td><td class="num">1</td><td class="num">0</td><td class="num">0</td><td class="num">69,837</td><td></td><td></td></tr><tr class="stripe"><td><a href="#t3">create course</a></td><td class="num">0</td><td class="num">0</td><td class="num attn">1</td><td class="num">94,020</td><td></td><td></td></tr><tr><td><a href="#t4">create user</a></td><td class="num">1</td><td class="num">0</td><td class="num">0</td><td class="num">31,767</td><td></td><td></td></tr><tr class="stripe"><td><a href="#t5">Update user</a></td><td class="num">0</td><td class="num">0</td><td class="num attn">1</td><td class="num">103,973</td><td></td><td></td></tr><tr><td><a href="#t6">Take quiz</a></td><td class="num">1</td><td class="num">0</td><td class="num">0</td><td class="num">80,623</td><td></td><td></td></tr><tr><th>Total</th><th class="num">5</th><th class="num">0</th><th class="num attn">3</th><th class="num">479,710</th><th colspan="2"></th></tr></table><table><thead><tr><th>Class</th><th>Method</th><th>Start</th><th>Time (ms)</th></tr></thead><tbody><tr><th colspan="4">Suite</th></tr></tbody><tbody id="t0"><tr><th colspan="4">Download reports &#8212; passed</th></tr><tr class="passedeven"><td rowspan="1">adminTests.DownloadReportTest</td><td><a href="#m0">downloadReport</a></td><td rowspan="1">1631533029380</td><td rowspan="1">27110</td></tr></tbody><tbody id="t1"><tr><th colspan="4">Student login &#8212; failed</th></tr><tr class="failedeven"><td rowspan="1">studentTests.StudentLoginTest</td><td><a href="#m1">userLogin</a></td><td rowspan="1">1631533030081</td><td rowspan="1">11262</td></tr><tr><th colspan="4">Student login &#8212; passed</th></tr><tr class="passedeven"><td rowspan="1">studentTests.StudentLoginTest</td><td><a href="#m2">userLogin</a></td><td rowspan="1">1631533041524</td><td rowspan="1">44266</td></tr></tbody><tbody id="t2"><tr><th colspan="4">Enrol into course &#8212; passed</th></tr><tr class="passedeven"><td rowspan="1">studentTests.CourseEnrollmentTest</td><td><a href="#m3">enrollIntoCourse</a></td><td rowspan="1">1631533030313</td><td rowspan="1">56765</td></tr></tbody><tbody id="t3"><tr><th colspan="4">create course &#8212; failed</th></tr><tr class="failedeven"><td rowspan="1">adminTests.CreateCourseTest</td><td><a href="#m4">createCourse</a></td><td rowspan="1">1631533028948</td><td rowspan="1">82217</td></tr></tbody><tbody id="t4"><tr><th colspan="4">create user &#8212; passed</th></tr><tr class="passedeven"><td rowspan="1">adminTests.CreateUserTest</td><td><a href="#m5">createUser</a></td><td rowspan="1">1631533087513</td><td rowspan="1">25993</td></tr></tbody><tbody id="t5"><tr><th colspan="4">Update user &#8212; failed</th></tr><tr class="failedeven"><td rowspan="1">studentTests.UpdateUserTest</td><td><a href="#m6">updateUserProfile</a></td><td rowspan="1">1631533029444</td><td rowspan="1">91727</td></tr></tbody><tbody id="t6"><tr><th colspan="4">Take quiz &#8212; passed</th></tr><tr class="passedeven"><td rowspan="1">studentTests.TakeQuizTest</td><td><a href="#m7">takeQuiz</a></td><td rowspan="1">1631533058251</td><td rowspan="1">79059</td></tr></tbody></table><h2>Download reports</h2><h3 id="m0">adminTests.DownloadReportTest#downloadReport</h3><table class="result"></table><p class="totop"><a href="#summary">back to summary</a></p><h2>Student login</h2><h3 id="m1">studentTests.StudentLoginTest#userLogin</h3><table class="result"><tr class="param"><th>Parameter #1</th><th>Parameter #2</th></tr><tr class="param stripe"><td>user01</td><td>qwer</td></tr><tr><th colspan="2">Exception</th></tr><tr><td colspan="2"><div class="stacktrace">java.lang.AssertionError: expected [Qualicoach] but found [Qualicoach: Log in to the site]
	at studentTests.StudentLoginTest.userLogin(StudentLoginTest.java:31)
	at java.util.concurrent.FutureTask.run(Unknown Source)
	at java.util.concurrent.ThreadPoolExecutor.runWorker(Unknown Source)
	at java.util.concurrent.ThreadPoolExecutor$Worker.run(Unknown Source)
	at java.lang.Thread.run(Unknown Source)
... Removed 22 stack frames</div></td></tr></table><p class="totop"><a href="#summary">back to summary</a></p><h3 id="m2">studentTests.StudentLoginTest#userLogin</h3><table class="result"><tr class="param"><th>Parameter #1</th><th>Parameter #2</th></tr><tr class="param stripe"><td>user12</td><td>sushmitha12</td></tr></table><p class="totop"><a href="#summary">back to summary</a></p><h2>Enrol into course</h2><h3 id="m3">studentTests.CourseEnrollmentTest#enrollIntoCourse</h3><table class="result"></table><p class="totop"><a href="#summary">back to summary</a></p><h2>create course</h2><h3 id="m4">adminTests.CreateCourseTest#createCourse</h3><table class="result"><tr><th>Exception</th></tr><tr><td><div class="stacktrace">org.openqa.selenium.NoSuchElementException: no such element: Unable to locate element: {&quot;method&quot;:&quot;xpath&quot;,&quot;selector&quot;:&quot;//a[text()=&apos;QualitestCourse&apos;]&quot;}
  (Session info: chrome=93.0.4577.63)
For documentation on this error, please visit: https://www.seleniumhq.org/exceptions/no_such_element.html
Build info: version: &apos;3.141.59&apos;, revision: &apos;e82be7d358&apos;, time: &apos;2018-11-14T08:17:03&apos;
System info: host: &apos;LAPTOP-K932JURE&apos;, ip: &apos;192.168.0.101&apos;, os.name: &apos;Windows 10&apos;, os.arch: &apos;amd64&apos;, os.version: &apos;10.0&apos;, java.version: &apos;1.8.0_261&apos;
Driver info: org.openqa.selenium.chrome.ChromeDriver
Capabilities {acceptInsecureCerts: false, browserName: chrome, browserVersion: 93.0.4577.63, chrome: {chromedriverVersion: 93.0.4577.63 (ff5c0da2ec0ad..., userDataDir: C:\Users\SUSHMI~1\AppData\L...}, goog:chromeOptions: {debuggerAddress: localhost:54554}, javascriptEnabled: true, networkConnectionEnabled: false, pageLoadStrategy: normal, platform: WINDOWS, platformName: WINDOWS, proxy: Proxy(), setWindowRect: true, strictFileInteractability: false, timeouts: {implicit: 0, pageLoad: 300000, script: 30000}, unhandledPromptBehavior: dismiss and notify, webauthn:extension:credBlob: true, webauthn:extension:largeBlob: true, webauthn:virtualAuthenticators: true}
Session ID: f1ab8985b3c2c3460db568699a94c0de
*** Element info: {Using=xpath, value=//a[text()=&apos;QualitestCourse&apos;]}
	at org.openqa.selenium.remote.http.W3CHttpResponseCodec.createException(W3CHttpResponseCodec.java:187)
	at org.openqa.selenium.remote.http.W3CHttpResponseCodec.decode(W3CHttpResponseCodec.java:122)
	at org.openqa.selenium.remote.http.W3CHttpResponseCodec.decode(W3CHttpResponseCodec.java:49)
	at org.openqa.selenium.remote.HttpCommandExecutor.execute(HttpCommandExecutor.java:158)
	at org.openqa.selenium.remote.service.DriverCommandExecutor.execute(DriverCommandExecutor.java:83)
	at org.openqa.selenium.remote.RemoteWebDriver.execute(RemoteWebDriver.java:552)
	at org.openqa.selenium.remote.RemoteWebDriver.findElement(RemoteWebDriver.java:323)
	at org.openqa.selenium.remote.RemoteWebDriver.findElementByXPath(RemoteWebDriver.java:428)
	at org.openqa.selenium.By$ByXPath.findElement(By.java:353)
	at org.openqa.selenium.remote.RemoteWebDriver.findElement(RemoteWebDriver.java:315)
	at pageObject.CourseCategoryManagement.getCategoryName(CourseCategoryManagement.java:40)
	at adminTests.CreateCourseTest.createNewCourse(CreateCourseTest.java:104)
	at adminTests.CreateCourseTest.createCourse(CreateCourseTest.java:65)
	at java.util.concurrent.FutureTask.run(Unknown Source)
	at java.util.concurrent.ThreadPoolExecutor.runWorker(Unknown Source)
	at java.util.concurrent.ThreadPoolExecutor$Worker.run(Unknown Source)
	at java.lang.Thread.run(Unknown Source)
... Removed 20 stack frames</div></td></tr></table><p class="totop"><a href="#summary">back to summary</a></p><h2>create user</h2><h3 id="m5">adminTests.CreateUserTest#createUser</h3><table class="result"></table><p class="totop"><a href="#summary">back to summary</a></p><h2>Update user</h2><h3 id="m6">studentTests.UpdateUserTest#updateUserProfile</h3><table class="result"><tr><th>Exception</th></tr><tr><td><div class="stacktrace">org.openqa.selenium.NoSuchElementException: no such element: Unable to locate element: {&quot;method&quot;:&quot;css selector&quot;,&quot;selector&quot;:&quot;#id_email&quot;}
  (Session info: chrome=93.0.4577.63)
For documentation on this error, please visit: https://www.seleniumhq.org/exceptions/no_such_element.html
Build info: version: &apos;3.141.59&apos;, revision: &apos;e82be7d358&apos;, time: &apos;2018-11-14T08:17:03&apos;
System info: host: &apos;LAPTOP-K932JURE&apos;, ip: &apos;192.168.0.101&apos;, os.name: &apos;Windows 10&apos;, os.arch: &apos;amd64&apos;, os.version: &apos;10.0&apos;, java.version: &apos;1.8.0_261&apos;
Driver info: org.openqa.selenium.chrome.ChromeDriver
Capabilities {acceptInsecureCerts: false, browserName: chrome, browserVersion: 93.0.4577.63, chrome: {chromedriverVersion: 93.0.4577.63 (ff5c0da2ec0ad..., userDataDir: C:\Users\SUSHMI~1\AppData\L...}, goog:chromeOptions: {debuggerAddress: localhost:54298}, javascriptEnabled: true, networkConnectionEnabled: false, pageLoadStrategy: normal, platform: WINDOWS, platformName: WINDOWS, proxy: Proxy(), setWindowRect: true, strictFileInteractability: false, timeouts: {implicit: 0, pageLoad: 300000, script: 30000}, unhandledPromptBehavior: dismiss and notify, webauthn:extension:credBlob: true, webauthn:extension:largeBlob: true, webauthn:virtualAuthenticators: true}
Session ID: d81e1bd39608672ac4af3cfd10a3754d
*** Element info: {Using=id, value=id_email}
	at org.openqa.selenium.remote.http.W3CHttpResponseCodec.createException(W3CHttpResponseCodec.java:187)
	at org.openqa.selenium.remote.http.W3CHttpResponseCodec.decode(W3CHttpResponseCodec.java:122)
	at org.openqa.selenium.remote.http.W3CHttpResponseCodec.decode(W3CHttpResponseCodec.java:49)
	at org.openqa.selenium.remote.HttpCommandExecutor.execute(HttpCommandExecutor.java:158)
	at org.openqa.selenium.remote.service.DriverCommandExecutor.execute(DriverCommandExecutor.java:83)
	at org.openqa.selenium.remote.RemoteWebDriver.execute(RemoteWebDriver.java:552)
	at org.openqa.selenium.remote.RemoteWebDriver.findElement(RemoteWebDriver.java:323)
	at org.openqa.selenium.remote.RemoteWebDriver.findElementById(RemoteWebDriver.java:372)
	at org.openqa.selenium.By$ById.findElement(By.java:188)
	at org.openqa.selenium.remote.RemoteWebDriver.findElement(RemoteWebDriver.java:315)
	at org.openqa.selenium.support.pagefactory.DefaultElementLocator.findElement(DefaultElementLocator.java:69)
	at org.openqa.selenium.support.pagefactory.internal.LocatingElementHandler.invoke(LocatingElementHandler.java:38)
	at com.sun.proxy.$Proxy25.clear(Unknown Source)
	at studentTests.UpdateUserTest.updateUserProfile(UpdateUserTest.java:45)
	at java.util.concurrent.FutureTask.run(Unknown Source)
	at java.util.concurrent.ThreadPoolExecutor.runWorker(Unknown Source)
	at java.util.concurrent.ThreadPoolExecutor$Worker.run(Unknown Source)
	at java.lang.Thread.run(Unknown Source)
... Removed 20 stack frames</div></td></tr></table><p class="totop"><a href="#summary">back to summary</a></p><h2>Take quiz</h2><h3 id="m7">studentTests.TakeQuizTest#takeQuiz</h3><table class="result"></table><p class="totop"><a href="#summary">back to summary</a></p></body></html>